21-May-20 23:12:10 - Key exchange time: 333.7386999999996 ms.
21-May-20 23:12:12 - Verifier time taken is: 0.7340999999998488 ms
21-May-20 23:12:12 - Prover time taken is: 3.6759999999986803 ms
21-May-20 23:12:12 - Total time taken is: 4.410099999998529 ms
21-May-20 23:12:14 - Verifier time taken is: 0.4445000000004029 ms
21-May-20 23:12:14 - Prover time taken is: 2.128000000000796 ms
21-May-20 23:12:14 - Total time taken is: 2.572500000001199 ms
21-May-20 23:12:16 - Verifier time taken is: 0.6718000000009994 ms
21-May-20 23:12:16 - Prover time taken is: 2.152500000001112 ms
21-May-20 23:12:16 - Total time taken is: 2.8243000000021112 ms
21-May-20 23:12:18 - Verifier time taken is: 1.369900000000257 ms
21-May-20 23:12:18 - Prover time taken is: 1.9018000000006197 ms
21-May-20 23:12:18 - Total time taken is: 3.2717000000008767 ms
21-May-20 23:12:20 - Verifier time taken is: 0.5517999999984369 ms
21-May-20 23:12:20 - Prover time taken is: 2.291299999999552 ms
21-May-20 23:12:20 - Total time taken is: 2.843099999997989 ms
21-May-20 23:12:22 - Verifier time taken is: 0.735900000002232 ms
21-May-20 23:12:22 - Prover time taken is: 2.0108999999983723 ms
21-May-20 23:12:22 - Total time taken is: 2.7468000000006043 ms
21-May-20 23:12:24 - Verifier time taken is: 0.5560999999971727 ms
21-May-20 23:12:24 - Prover time taken is: 2.210500000000337 ms
21-May-20 23:12:24 - Total time taken is: 2.76659999999751 ms
21-May-20 23:12:26 - Verifier time taken is: 0.7209000000010235 ms
21-May-20 23:12:26 - Prover time taken is: 4.012500000001751 ms
21-May-20 23:12:26 - Total time taken is: 4.733400000002774 ms
21-May-20 23:12:28 - Verifier time taken is: 0.8589000000007729 ms
21-May-20 23:12:28 - Prover time taken is: 1.9632000000022742 ms
21-May-20 23:12:28 - Total time taken is: 2.822100000003047 ms
21-May-20 23:12:30 - Verifier time taken is: 1.0529999999988604 ms
21-May-20 23:12:30 - Prover time taken is: 2.2169000000005212 ms
21-May-20 23:12:30 - Total time taken is: 3.2698999999993816 ms
21-May-20 23:12:32 - Verifier time taken is: 0.43949999999881584 ms
21-May-20 23:12:32 - Prover time taken is: 2.39429999999885 ms
21-May-20 23:12:32 - Total time taken is: 2.833799999997666 ms
21-May-20 23:12:34 - Verifier time taken is: 0.4273999999995226 ms
21-May-20 23:12:34 - Prover time taken is: 2.2596999999997536 ms
21-May-20 23:12:34 - Total time taken is: 2.687099999999276 ms
21-May-20 23:12:36 - Verifier time taken is: 0.8057000000007974 ms
21-May-20 23:12:36 - Prover time taken is: 2.1157000000044945 ms
21-May-20 23:12:36 - Total time taken is: 2.921400000005292 ms
21-May-20 23:12:38 - Verifier time taken is: 0.648800000000449 ms
21-May-20 23:12:38 - Prover time taken is: 2.0807000000004905 ms
21-May-20 23:12:38 - Total time taken is: 2.7295000000009395 ms
21-May-20 23:12:40 - Verifier time taken is: 0.7390999999969949 ms
21-May-20 23:12:40 - Prover time taken is: 2.735000000001264 ms
21-May-20 23:12:40 - Total time taken is: 3.474099999998259 ms
21-May-20 23:12:42 - Verifier time taken is: 0.7505999999963819 ms
21-May-20 23:12:42 - Prover time taken is: 1.9844999999989454 ms
21-May-20 23:12:42 - Total time taken is: 2.7350999999953274 ms
21-May-20 23:12:44 - Verifier time taken is: 0.7762000000042235 ms
21-May-20 23:12:45 - Prover time taken is: 1.90820000000258 ms
21-May-20 23:12:45 - Total time taken is: 2.6844000000068036 ms
21-May-20 23:12:47 - Verifier time taken is: 0.5006999999963568 ms
21-May-20 23:12:47 - Prover time taken is: 1.6717999999968924 ms
21-May-20 23:12:47 - Total time taken is: 2.1724999999932493 ms
21-May-20 23:12:49 - Verifier time taken is: 0.4540000000048394 ms
21-May-20 23:12:49 - Prover time taken is: 1.8148999999993976 ms
21-May-20 23:12:49 - Total time taken is: 2.268900000004237 ms
21-May-20 23:12:51 - Verifier time taken is: 0.8267999999986841 ms
21-May-20 23:12:51 - Prover time taken is: 2.8706000000013887 ms
21-May-20 23:12:51 - Total time taken is: 3.697400000000073 ms
21-May-20 23:12:53 - Verifier time taken is: 0.6099000000006072 ms
21-May-20 23:12:53 - Prover time taken is: 2.0148999999989314 ms
21-May-20 23:12:53 - Total time taken is: 2.6247999999995386 ms
21-May-20 23:12:55 - Verifier time taken is: 0.5993999999986954 ms
21-May-20 23:12:55 - Prover time taken is: 2.3431999999985464 ms
21-May-20 23:12:55 - Total time taken is: 2.942599999997242 ms
21-May-20 23:12:57 - Verifier time taken is: 0.4423000000031152 ms
21-May-20 23:12:57 - Prover time taken is: 1.9311999999942486 ms
21-May-20 23:12:57 - Total time taken is: 2.373499999997364 ms
21-May-20 23:12:59 - Verifier time taken is: 0.7519999999985316 ms
21-May-20 23:12:59 - Prover time taken is: 2.082600000001378 ms
21-May-20 23:12:59 - Total time taken is: 2.8345999999999094 ms
21-May-20 23:13:01 - Verifier time taken is: 0.6667000000035728 ms
21-May-20 23:13:01 - Prover time taken is: 2.0019999999973948 ms
21-May-20 23:13:01 - Total time taken is: 2.6687000000009675 ms
21-May-20 23:13:03 - Verifier time taken is: 0.6719999999944548 ms
21-May-20 23:13:03 - Prover time taken is: 2.127700000002619 ms
21-May-20 23:13:03 - Total time taken is: 2.799699999997074 ms
21-May-20 23:13:05 - Verifier time taken is: 0.41719999999401125 ms
21-May-20 23:13:05 - Prover time taken is: 1.6324000000054184 ms
21-May-20 23:13:05 - Total time taken is: 2.0495999999994297 ms
21-May-20 23:13:07 - Verifier time taken is: 0.5658999999980097 ms
21-May-20 23:13:07 - Prover time taken is: 1.9611999999966656 ms
21-May-20 23:13:07 - Total time taken is: 2.5270999999946753 ms
21-May-20 23:13:09 - Verifier time taken is: 0.8196999999938726 ms
21-May-20 23:13:09 - Prover time taken is: 2.388099999990345 ms
21-May-20 23:13:09 - Total time taken is: 3.2077999999842177 ms
21-May-20 23:13:11 - Verifier time taken is: 0.7017000000075768 ms
21-May-20 23:13:11 - Prover time taken is: 1.798100000002023 ms
21-May-20 23:13:11 - Total time taken is: 2.4998000000096 ms
21-May-20 23:13:13 - Verifier time taken is: 0.4842000000024882 ms
21-May-20 23:13:13 - Prover time taken is: 1.805500000003235 ms
21-May-20 23:13:13 - Total time taken is: 2.2897000000057233 ms
21-May-20 23:13:15 - Verifier time taken is: 0.7286999999962518 ms
21-May-20 23:13:15 - Prover time taken is: 2.9029000000093674 ms
21-May-20 23:13:15 - Total time taken is: 3.6316000000056192 ms
21-May-20 23:13:17 - Verifier time taken is: 0.7419000000083997 ms
21-May-20 23:13:17 - Prover time taken is: 2.6092999999889344 ms
21-May-20 23:13:17 - Total time taken is: 3.351199999997334 ms
21-May-20 23:13:19 - Verifier time taken is: 0.9028000000057546 ms
21-May-20 23:13:19 - Prover time taken is: 2.010699999999588 ms
21-May-20 23:13:19 - Total time taken is: 2.9135000000053424 ms
21-May-20 23:13:21 - Verifier time taken is: 0.5153999999976122 ms
21-May-20 23:13:21 - Prover time taken is: 1.9722999999913782 ms
21-May-20 23:13:21 - Total time taken is: 2.4876999999889904 ms
21-May-20 23:13:23 - Verifier time taken is: 0.6008999999949083 ms
21-May-20 23:13:23 - Prover time taken is: 2.015700000001175 ms
21-May-20 23:13:23 - Total time taken is: 2.616599999996083 ms
21-May-20 23:13:25 - Verifier time taken is: 0.4847000000012258 ms
21-May-20 23:13:25 - Prover time taken is: 2.0834000000036212 ms
21-May-20 23:13:25 - Total time taken is: 2.568100000004847 ms
21-May-20 23:13:27 - Verifier time taken is: 0.9490000000056398 ms
21-May-20 23:13:27 - Prover time taken is: 2.270500000008724 ms
21-May-20 23:13:27 - Total time taken is: 3.2195000000143636 ms
21-May-20 23:13:29 - Verifier time taken is: 0.5943000000030452 ms
21-May-20 23:13:29 - Prover time taken is: 1.8527999999946587 ms
21-May-20 23:13:29 - Total time taken is: 2.447099999997704 ms
21-May-20 23:13:31 - Verifier time taken is: 0.42600000000447835 ms
21-May-20 23:13:31 - Prover time taken is: 1.5602000000001226 ms
21-May-20 23:13:31 - Total time taken is: 1.986200000004601 ms
21-May-20 23:13:33 - Verifier time taken is: 0.4828000000003385 ms
21-May-20 23:13:33 - Prover time taken is: 1.928599999999392 ms
21-May-20 23:13:33 - Total time taken is: 2.4113999999997304 ms
21-May-20 23:13:35 - Verifier time taken is: 0.8173000000084585 ms
21-May-20 23:13:35 - Prover time taken is: 4.458800000008978 ms
21-May-20 23:13:35 - Total time taken is: 5.276100000017436 ms
21-May-20 23:13:37 - Verifier time taken is: 0.5604999999917482 ms
21-May-20 23:13:37 - Prover time taken is: 1.6606000000081167 ms
21-May-20 23:13:37 - Total time taken is: 2.221099999999865 ms
21-May-20 23:13:39 - Verifier time taken is: 0.7870000000025357 ms
21-May-20 23:13:39 - Prover time taken is: 2.850699999996209 ms
21-May-20 23:13:39 - Total time taken is: 3.6376999999987447 ms
21-May-20 23:13:41 - Verifier time taken is: 0.7583999999951629 ms
21-May-20 23:13:41 - Prover time taken is: 1.8289000000066835 ms
21-May-20 23:13:41 - Total time taken is: 2.5873000000018465 ms
21-May-20 23:13:43 - Verifier time taken is: 1.3828000000017937 ms
21-May-20 23:13:43 - Prover time taken is: 3.476899999995453 ms
21-May-20 23:13:43 - Total time taken is: 4.859699999997247 ms
21-May-20 23:13:45 - Verifier time taken is: 0.9670000000028267 ms
21-May-20 23:13:45 - Prover time taken is: 1.792300000005298 ms
21-May-20 23:13:45 - Total time taken is: 2.7593000000081247 ms
21-May-20 23:13:47 - Verifier time taken is: 1.1150000000128557 ms
21-May-20 23:13:47 - Prover time taken is: 2.6809000000014294 ms
21-May-20 23:13:47 - Total time taken is: 3.795900000014285 ms
21-May-20 23:13:49 - Verifier time taken is: 0.5966000000086069 ms
21-May-20 23:13:49 - Prover time taken is: 4.157599999999206 ms
21-May-20 23:13:49 - Total time taken is: 4.754200000007813 ms
21-May-20 23:13:51 - Verifier time taken is: 0.7313999999922771 ms
21-May-20 23:13:51 - Prover time taken is: 2.055999999996061 ms
21-May-20 23:13:51 - Total time taken is: 2.787399999988338 ms
21-May-20 23:13:53 - Verifier time taken is: 0.5304999999964366 ms
21-May-20 23:13:53 - Prover time taken is: 1.6980000000046402 ms
21-May-20 23:13:53 - Total time taken is: 2.228500000001077 ms
21-May-20 23:13:55 - Verifier time taken is: 0.4694000000000642 ms
21-May-20 23:13:55 - Prover time taken is: 1.6865999999993164 ms
21-May-20 23:13:55 - Total time taken is: 2.1559999999993806 ms
21-May-20 23:13:57 - Verifier time taken is: 0.7449000000008255 ms
21-May-20 23:13:57 - Prover time taken is: 1.6532000000069047 ms
21-May-20 23:13:57 - Total time taken is: 2.39810000000773 ms
21-May-20 23:13:59 - Verifier time taken is: 0.6711000000052536 ms
21-May-20 23:13:59 - Prover time taken is: 1.9394999999917673 ms
21-May-20 23:13:59 - Total time taken is: 2.610599999997021 ms
21-May-20 23:14:01 - Verifier time taken is: 2.5955999999922597 ms
21-May-20 23:14:01 - Prover time taken is: 2.876299999996945 ms
21-May-20 23:14:01 - Total time taken is: 5.471899999989205 ms
21-May-20 23:14:03 - Verifier time taken is: 0.8081000000004224 ms
21-May-20 23:14:03 - Prover time taken is: 2.0047000000005255 ms
21-May-20 23:14:03 - Total time taken is: 2.812800000000948 ms
21-May-20 23:14:05 - Verifier time taken is: 0.8655000000032942 ms
21-May-20 23:14:05 - Prover time taken is: 3.5687000000024227 ms
21-May-20 23:14:05 - Total time taken is: 4.434200000005717 ms
21-May-20 23:14:07 - Verifier time taken is: 1.0871000000065578 ms
21-May-20 23:14:07 - Prover time taken is: 3.893599999997832 ms
21-May-20 23:14:07 - Total time taken is: 4.98070000000439 ms
21-May-20 23:14:09 - Verifier time taken is: 0.9917000000001508 ms
21-May-20 23:14:09 - Prover time taken is: 2.1947000000039907 ms
21-May-20 23:14:09 - Total time taken is: 3.1864000000041415 ms
21-May-20 23:14:11 - Verifier time taken is: 1.0809000000051583 ms
21-May-20 23:14:11 - Prover time taken is: 1.791499999995949 ms
21-May-20 23:14:11 - Total time taken is: 2.8724000000011074 ms
21-May-20 23:14:13 - Verifier time taken is: 0.7961999999963609 ms
21-May-20 23:14:13 - Prover time taken is: 2.1415999999874202 ms
21-May-20 23:14:13 - Total time taken is: 2.937799999983781 ms
21-May-20 23:14:15 - Verifier time taken is: 0.9751999999991767 ms
21-May-20 23:14:15 - Prover time taken is: 2.418299999987994 ms
21-May-20 23:14:15 - Total time taken is: 3.3934999999871707 ms
21-May-20 23:14:18 - Verifier time taken is: 0.5818000000203938 ms
21-May-20 23:14:18 - Prover time taken is: 1.713399999999865 ms
21-May-20 23:14:18 - Total time taken is: 2.295200000020259 ms
21-May-20 23:14:20 - Verifier time taken is: 0.8587000000090939 ms
21-May-20 23:14:20 - Prover time taken is: 1.6869000000099277 ms
21-May-20 23:14:20 - Total time taken is: 2.5456000000190215 ms
21-May-20 23:14:22 - Verifier time taken is: 0.42810000002191373 ms
21-May-20 23:14:22 - Prover time taken is: 2.162099999992506 ms
21-May-20 23:14:22 - Total time taken is: 2.59020000001442 ms
21-May-20 23:14:24 - Verifier time taken is: 0.42719999999007996 ms
21-May-20 23:14:24 - Prover time taken is: 1.6810000000191394 ms
21-May-20 23:14:24 - Total time taken is: 2.1082000000092194 ms
21-May-20 23:14:26 - Verifier time taken is: 0.876000000005206 ms
21-May-20 23:14:26 - Prover time taken is: 2.164700000008679 ms
21-May-20 23:14:26 - Total time taken is: 3.040700000013885 ms
21-May-20 23:14:28 - Verifier time taken is: 0.686999999999216 ms
21-May-20 23:14:28 - Prover time taken is: 1.6397999999924195 ms
21-May-20 23:14:28 - Total time taken is: 2.3267999999916356 ms
21-May-20 23:14:30 - Verifier time taken is: 0.775000000004411 ms
21-May-20 23:14:30 - Prover time taken is: 1.779799999980014 ms
21-May-20 23:14:30 - Total time taken is: 2.554799999984425 ms
21-May-20 23:14:32 - Verifier time taken is: 0.5436000000145214 ms
21-May-20 23:14:32 - Prover time taken is: 1.799599999998236 ms
21-May-20 23:14:32 - Total time taken is: 2.3432000000127573 ms
21-May-20 23:14:34 - Verifier time taken is: 0.4392000000166263 ms
21-May-20 23:14:34 - Prover time taken is: 1.7406999999991513 ms
21-May-20 23:14:34 - Total time taken is: 2.1799000000157776 ms
21-May-20 23:14:36 - Verifier time taken is: 1.0263000000065858 ms
21-May-20 23:14:36 - Prover time taken is: 2.308400000003985 ms
21-May-20 23:14:36 - Total time taken is: 3.334700000010571 ms
21-May-20 23:14:38 - Verifier time taken is: 1.3758999999993193 ms
21-May-20 23:14:38 - Prover time taken is: 3.1429999999943448 ms
21-May-20 23:14:38 - Total time taken is: 4.518899999993664 ms
21-May-20 23:14:40 - Verifier time taken is: 0.42469999999639185 ms
21-May-20 23:14:40 - Prover time taken is: 1.6468999999972311 ms
21-May-20 23:14:40 - Total time taken is: 2.071599999993623 ms
21-May-20 23:14:42 - Verifier time taken is: 0.6061999999928958 ms
21-May-20 23:14:42 - Prover time taken is: 1.7531000000019503 ms
21-May-20 23:14:42 - Total time taken is: 2.359299999994846 ms
21-May-20 23:14:44 - Verifier time taken is: 0.42990000000031614 ms
21-May-20 23:14:44 - Prover time taken is: 1.7556999999897016 ms
21-May-20 23:14:44 - Total time taken is: 2.1855999999900177 ms
21-May-20 23:14:46 - Verifier time taken is: 0.5395000000021355 ms
21-May-20 23:14:46 - Prover time taken is: 1.8676999999911459 ms
21-May-20 23:14:46 - Total time taken is: 2.4071999999932814 ms
21-May-20 23:14:48 - Verifier time taken is: 0.8774000000073556 ms
21-May-20 23:14:48 - Prover time taken is: 3.0761999999810996 ms
21-May-20 23:14:48 - Total time taken is: 3.9535999999884552 ms
21-May-20 23:14:50 - Verifier time taken is: 0.5412000000148964 ms
21-May-20 23:14:50 - Prover time taken is: 1.6977999999880922 ms
21-May-20 23:14:50 - Total time taken is: 2.2390000000029886 ms
21-May-20 23:14:52 - Verifier time taken is: 0.755999999995538 ms
21-May-20 23:14:52 - Prover time taken is: 1.8344000000070082 ms
21-May-20 23:14:52 - Total time taken is: 2.590400000002546 ms
21-May-20 23:14:54 - Verifier time taken is: 1.2420999999847027 ms
21-May-20 23:14:54 - Prover time taken is: 2.5636000000019976 ms
21-May-20 23:14:54 - Total time taken is: 3.8056999999867003 ms
21-May-20 23:14:56 - Verifier time taken is: 0.8363000000031207 ms
21-May-20 23:14:56 - Prover time taken is: 1.8219999999757874 ms
21-May-20 23:14:56 - Total time taken is: 2.658299999978908 ms
21-May-20 23:14:58 - Verifier time taken is: 0.7108000000073389 ms
21-May-20 23:14:58 - Prover time taken is: 2.255800000000363 ms
21-May-20 23:14:58 - Total time taken is: 2.966600000007702 ms
21-May-20 23:15:00 - Verifier time taken is: 0.5385000000046603 ms
21-May-20 23:15:00 - Prover time taken is: 2.1954000000050655 ms
21-May-20 23:15:00 - Total time taken is: 2.7339000000097258 ms
21-May-20 23:15:02 - Verifier time taken is: 1.1305000000163545 ms
21-May-20 23:15:02 - Prover time taken is: 3.85510000000977 ms
21-May-20 23:15:02 - Total time taken is: 4.985600000026125 ms
21-May-20 23:15:04 - Verifier time taken is: 0.84730000000377 ms
21-May-20 23:15:04 - Prover time taken is: 2.268200000003162 ms
21-May-20 23:15:04 - Total time taken is: 3.115500000006932 ms
21-May-20 23:15:06 - Verifier time taken is: 0.46609999998281637 ms
21-May-20 23:15:06 - Prover time taken is: 2.386400000006006 ms
21-May-20 23:15:06 - Total time taken is: 2.8524999999888223 ms
21-May-20 23:15:08 - Verifier time taken is: 0.8307999999885851 ms
21-May-20 23:15:08 - Prover time taken is: 3.2774000000017622 ms
21-May-20 23:15:08 - Total time taken is: 4.108199999990347 ms
21-May-20 23:15:10 - Verifier time taken is: 1.024100000023509 ms
21-May-20 23:15:10 - Prover time taken is: 2.7105000000062773 ms
21-May-20 23:15:10 - Total time taken is: 3.7346000000297863 ms
21-May-20 23:15:12 - Verifier time taken is: 0.7638999999812768 ms
21-May-20 23:15:12 - Prover time taken is: 2.5208000000134234 ms
21-May-20 23:15:12 - Total time taken is: 3.2846999999947 ms
21-May-20 23:15:14 - Verifier time taken is: 0.6572000000062417 ms
21-May-20 23:15:14 - Prover time taken is: 1.7919000000006235 ms
21-May-20 23:15:14 - Total time taken is: 2.4491000000068652 ms
21-May-20 23:15:16 - Verifier time taken is: 1.6731999999990421 ms
21-May-20 23:15:16 - Prover time taken is: 5.436300000013716 ms
21-May-20 23:15:16 - Total time taken is: 7.109500000012758 ms
21-May-20 23:15:18 - Verifier time taken is: 0.8228000000087832 ms
21-May-20 23:15:18 - Prover time taken is: 1.6975000000059026 ms
21-May-20 23:15:18 - Total time taken is: 2.520300000014686 ms
21-May-20 23:15:20 - Verifier time taken is: 0.9699000000011893 ms
21-May-20 23:15:20 - Prover time taken is: 2.9719000000056894 ms
21-May-20 23:15:20 - Total time taken is: 3.9418000000068787 ms
21-May-20 23:15:22 - Verifier time taken is: 0.7272000000000389 ms
21-May-20 23:15:22 - Prover time taken is: 1.7842999999970743 ms
21-May-20 23:15:22 - Total time taken is: 2.5114999999971133 ms
21-May-20 23:15:24 - Verifier time taken is: 0.46249999999758984 ms
21-May-20 23:15:24 - Prover time taken is: 2.068199999996523 ms
21-May-20 23:15:24 - Total time taken is: 2.5306999999941127 ms
21-May-20 23:15:26 - Verifier time taken is: 0.7127000000082262 ms
21-May-20 23:15:26 - Prover time taken is: 1.813599999991311 ms
21-May-20 23:15:26 - Total time taken is: 2.5262999999995372 ms
21-May-20 23:15:28 - Verifier time taken is: 0.621300000005931 ms
21-May-20 23:15:28 - Prover time taken is: 1.5617999999903986 ms
21-May-20 23:15:28 - Total time taken is: 2.1830999999963296 ms
21-May-20 23:15:30 - Verifier time taken is: 0.7085999999958403 ms
21-May-20 23:15:30 - Prover time taken is: 1.600699999983135 ms
21-May-20 23:15:30 - Total time taken is: 2.3092999999789754 ms
21-May-20 23:15:32 - Verifier time taken is: 0.4730999999935648 ms
21-May-20 23:15:32 - Prover time taken is: 1.819999999980837 ms
21-May-20 23:15:32 - Total time taken is: 2.2930999999744017 ms
21-May-20 23:15:34 - Verifier time taken is: 0.6143000000236043 ms
21-May-20 23:15:34 - Prover time taken is: 1.6540000000020427 ms
21-May-20 23:15:34 - Total time taken is: 2.268300000025647 ms
21-May-20 23:15:36 - Verifier time taken is: 1.0463999999785756 ms
21-May-20 23:15:36 - Prover time taken is: 1.5707000000020344 ms
21-May-20 23:15:36 - Total time taken is: 2.61709999998061 ms
21-May-20 23:15:38 - Verifier time taken is: 0.8255999999846608 ms
21-May-20 23:15:38 - Prover time taken is: 3.043599999983826 ms
21-May-20 23:15:38 - Total time taken is: 3.8691999999684867 ms
21-May-20 23:15:40 - Verifier time taken is: 0.45350000002031265 ms
21-May-20 23:15:40 - Prover time taken is: 1.7414999999800784 ms
21-May-20 23:15:40 - Total time taken is: 2.195000000000391 ms
21-May-20 23:15:42 - Verifier time taken is: 0.7380000000125619 ms
21-May-20 23:15:42 - Prover time taken is: 1.7634999999813772 ms
21-May-20 23:15:42 - Total time taken is: 2.501499999993939 ms
21-May-20 23:15:44 - Verifier time taken is: 0.89309999998477 ms
21-May-20 23:15:44 - Prover time taken is: 2.129199999984621 ms
21-May-20 23:15:44 - Total time taken is: 3.022299999969391 ms
21-May-20 23:15:47 - Verifier time taken is: 0.7065000000068267 ms
21-May-20 23:15:47 - Prover time taken is: 2.02319999999645 ms
21-May-20 23:15:47 - Total time taken is: 2.7297000000032767 ms
21-May-20 23:15:49 - Verifier time taken is: 0.4459999999824049 ms
21-May-20 23:15:49 - Prover time taken is: 1.6146000000105687 ms
21-May-20 23:15:49 - Total time taken is: 2.0605999999929736 ms
21-May-20 23:15:51 - Verifier time taken is: 0.7261000000085005 ms
21-May-20 23:15:51 - Prover time taken is: 1.7092999999874792 ms
21-May-20 23:15:51 - Total time taken is: 2.4353999999959797 ms
21-May-20 23:15:53 - Verifier time taken is: 0.7133999999950902 ms
21-May-20 23:15:53 - Prover time taken is: 1.9114000000115539 ms
21-May-20 23:15:53 - Total time taken is: 2.624800000006644 ms
21-May-20 23:15:55 - Verifier time taken is: 0.8757999999886579 ms
21-May-20 23:15:55 - Prover time taken is: 1.6198999999801345 ms
21-May-20 23:15:55 - Total time taken is: 2.4956999999687923 ms
21-May-20 23:15:57 - Verifier time taken is: 0.7168000000206121 ms
21-May-20 23:15:57 - Prover time taken is: 1.6277000000002317 ms
21-May-20 23:15:57 - Total time taken is: 2.344500000020844 ms
21-May-20 23:15:59 - Verifier time taken is: 0.43510000000424043 ms
21-May-20 23:15:59 - Prover time taken is: 1.8204999999795746 ms
21-May-20 23:15:59 - Total time taken is: 2.255599999983815 ms
21-May-20 23:16:01 - Verifier time taken is: 0.46370000001161316 ms
21-May-20 23:16:01 - Prover time taken is: 1.5157999999928506 ms
21-May-20 23:16:01 - Total time taken is: 1.9795000000044638 ms
21-May-20 23:16:03 - Verifier time taken is: 0.7151000000078511 ms
21-May-20 23:16:03 - Prover time taken is: 1.64179999998737 ms
21-May-20 23:16:03 - Total time taken is: 2.356899999995221 ms
21-May-20 23:16:05 - Verifier time taken is: 0.7075000000043019 ms
21-May-20 23:16:05 - Prover time taken is: 2.648600000014767 ms
21-May-20 23:16:05 - Total time taken is: 3.356100000019069 ms
21-May-20 23:16:07 - Verifier time taken is: 0.9417999999925541 ms
21-May-20 23:16:07 - Prover time taken is: 1.6899000000023534 ms
21-May-20 23:16:07 - Total time taken is: 2.6316999999949076 ms
21-May-20 23:16:09 - Verifier time taken is: 0.6983000000104767 ms
21-May-20 23:16:09 - Prover time taken is: 2.441700000019864 ms
21-May-20 23:16:09 - Total time taken is: 3.1400000000303407 ms
21-May-20 23:16:11 - Verifier time taken is: 0.42980000000625296 ms
21-May-20 23:16:11 - Prover time taken is: 1.8602000000100816 ms
21-May-20 23:16:11 - Total time taken is: 2.2900000000163345 ms
21-May-20 23:16:13 - Verifier time taken is: 0.6525999999951182 ms
21-May-20 23:16:13 - Prover time taken is: 2.386299999983521 ms
21-May-20 23:16:13 - Total time taken is: 3.0388999999786392 ms
21-May-20 23:16:15 - Verifier time taken is: 0.5376000000012482 ms
21-May-20 23:16:15 - Prover time taken is: 2.2218000000009397 ms
21-May-20 23:16:15 - Total time taken is: 2.759400000002188 ms
21-May-20 23:16:17 - Verifier time taken is: 0.49369999999271386 ms
21-May-20 23:16:17 - Prover time taken is: 1.7162999999982276 ms
21-May-20 23:16:17 - Total time taken is: 2.2099999999909414 ms
21-May-20 23:16:19 - Verifier time taken is: 0.748499999986052 ms
21-May-20 23:16:19 - Prover time taken is: 1.891100000023016 ms
21-May-20 23:16:19 - Total time taken is: 2.639600000009068 ms
21-May-20 23:16:21 - Verifier time taken is: 0.9026000000176282 ms
21-May-20 23:16:21 - Prover time taken is: 1.9846999999799664 ms
21-May-20 23:16:21 - Total time taken is: 2.8872999999975946 ms
21-May-20 23:16:23 - Verifier time taken is: 0.695199999995566 ms
21-May-20 23:16:23 - Prover time taken is: 1.8759000000159176 ms
21-May-20 23:16:23 - Total time taken is: 2.5711000000114836 ms
21-May-20 23:16:25 - Verifier time taken is: 0.628299999959836 ms
21-May-20 23:16:25 - Prover time taken is: 1.6385000000127548 ms
21-May-20 23:16:25 - Total time taken is: 2.2667999999725907 ms
21-May-20 23:16:27 - Verifier time taken is: 0.5653000000052089 ms
21-May-20 23:16:27 - Prover time taken is: 1.8118000000413303 ms
21-May-20 23:16:27 - Total time taken is: 2.377100000046539 ms
21-May-20 23:16:29 - Verifier time taken is: 0.6297000000472508 ms
21-May-20 23:16:29 - Prover time taken is: 1.6597000000047046 ms
21-May-20 23:16:29 - Total time taken is: 2.2894000000519554 ms
21-May-20 23:16:31 - Verifier time taken is: 0.5345999999804008 ms
21-May-20 23:16:31 - Prover time taken is: 1.6898000000082902 ms
21-May-20 23:16:31 - Total time taken is: 2.224399999988691 ms
21-May-20 23:16:33 - Verifier time taken is: 0.4450000000133514 ms
21-May-20 23:16:33 - Prover time taken is: 1.7007000000148764 ms
21-May-20 23:16:33 - Total time taken is: 2.145700000028228 ms
21-May-20 23:16:35 - Verifier time taken is: 0.5347000000028856 ms
21-May-20 23:16:35 - Prover time taken is: 2.543799999955354 ms
21-May-20 23:16:35 - Total time taken is: 3.0784999999582396 ms
21-May-20 23:16:37 - Verifier time taken is: 0.6870999999932792 ms
21-May-20 23:16:37 - Prover time taken is: 2.359799999965162 ms
21-May-20 23:16:37 - Total time taken is: 3.046899999958441 ms
21-May-20 23:16:39 - Verifier time taken is: 0.7837999999651402 ms
21-May-20 23:16:39 - Prover time taken is: 2.450800000019626 ms
21-May-20 23:16:39 - Total time taken is: 3.2345999999847663 ms
21-May-20 23:16:41 - Verifier time taken is: 0.6472000000030675 ms
21-May-20 23:16:41 - Prover time taken is: 2.0254000000363703 ms
21-May-20 23:16:41 - Total time taken is: 2.672600000039438 ms
21-May-20 23:16:43 - Verifier time taken is: 0.695199999995566 ms
21-May-20 23:16:43 - Prover time taken is: 1.7338000000108877 ms
21-May-20 23:16:43 - Total time taken is: 2.4290000000064538 ms
21-May-20 23:16:45 - Verifier time taken is: 0.4761000000144122 ms
21-May-20 23:16:45 - Prover time taken is: 1.679599999988568 ms
21-May-20 23:16:45 - Total time taken is: 2.1557000000029802 ms
21-May-20 23:16:47 - Verifier time taken is: 1.3283999999771368 ms
21-May-20 23:16:47 - Prover time taken is: 3.1223999999951957 ms
21-May-20 23:16:47 - Total time taken is: 4.450799999972332 ms
21-May-20 23:16:49 - Verifier time taken is: 0.7401999999956388 ms
21-May-20 23:16:49 - Prover time taken is: 2.556100000049355 ms
21-May-20 23:16:49 - Total time taken is: 3.296300000044994 ms
21-May-20 23:16:51 - Verifier time taken is: 0.8108999999763 ms
21-May-20 23:16:51 - Prover time taken is: 2.6419000000146298 ms
21-May-20 23:16:51 - Total time taken is: 3.45279999999093 ms
21-May-20 23:16:53 - Verifier time taken is: 0.8156000000099084 ms
21-May-20 23:16:53 - Prover time taken is: 1.7358000000058382 ms
21-May-20 23:16:53 - Total time taken is: 2.5514000000157466 ms
21-May-20 23:16:55 - Verifier time taken is: 0.7835999999770138 ms
21-May-20 23:16:55 - Prover time taken is: 1.71690000001945 ms
21-May-20 23:16:55 - Total time taken is: 2.500499999996464 ms
21-May-20 23:16:57 - Verifier time taken is: 0.6933999999887419 ms
21-May-20 23:16:57 - Prover time taken is: 1.8336000000545027 ms
21-May-20 23:16:57 - Total time taken is: 2.5270000000432447 ms
21-May-20 23:16:59 - Verifier time taken is: 0.6608999999571097 ms
21-May-20 23:16:59 - Prover time taken is: 1.8059000000221204 ms
21-May-20 23:16:59 - Total time taken is: 2.46679999997923 ms
21-May-20 23:17:01 - Verifier time taken is: 0.9471000000189633 ms
21-May-20 23:17:01 - Prover time taken is: 2.5564999999687643 ms
21-May-20 23:17:01 - Total time taken is: 3.5035999999877276 ms
21-May-20 23:17:03 - Verifier time taken is: 1.0002999999869644 ms
21-May-20 23:17:03 - Prover time taken is: 1.6871999999921172 ms
21-May-20 23:17:03 - Total time taken is: 2.6874999999790816 ms
21-May-20 23:17:05 - Verifier time taken is: 0.5931000000032327 ms
21-May-20 23:17:05 - Prover time taken is: 2.599999999972624 ms
21-May-20 23:17:05 - Total time taken is: 3.193099999975857 ms
21-May-20 23:17:07 - Verifier time taken is: 0.7724999999823012 ms
21-May-20 23:17:07 - Prover time taken is: 1.8422999999643253 ms
21-May-20 23:17:07 - Total time taken is: 2.6147999999466265 ms
21-May-20 23:17:09 - Verifier time taken is: 0.4716999999914151 ms
21-May-20 23:17:09 - Prover time taken is: 1.8597999999769854 ms
21-May-20 23:17:09 - Total time taken is: 2.3314999999684005 ms
21-May-20 23:17:11 - Verifier time taken is: 1.021700000023884 ms
21-May-20 23:17:11 - Prover time taken is: 2.082699999959914 ms
21-May-20 23:17:11 - Total time taken is: 3.104399999983798 ms
21-May-20 23:17:13 - Verifier time taken is: 0.6649000000038541 ms
21-May-20 23:17:13 - Prover time taken is: 1.6976999999656073 ms
21-May-20 23:17:13 - Total time taken is: 2.3625999999694614 ms
21-May-20 23:17:15 - Verifier time taken is: 0.8495000000152686 ms
21-May-20 23:17:15 - Prover time taken is: 2.491999999961081 ms
21-May-20 23:17:15 - Total time taken is: 3.3414999999763495 ms
21-May-20 23:17:17 - Verifier time taken is: 0.6857999999851927 ms
21-May-20 23:17:17 - Prover time taken is: 1.8823000000338652 ms
21-May-20 23:17:17 - Total time taken is: 2.568100000019058 ms
21-May-20 23:17:20 - Verifier time taken is: 0.7717999999954372 ms
21-May-20 23:17:20 - Prover time taken is: 2.131299999973635 ms
21-May-20 23:17:20 - Total time taken is: 2.903099999969072 ms
21-May-20 23:17:22 - Verifier time taken is: 0.9251000000176646 ms
21-May-20 23:17:22 - Prover time taken is: 2.907199999981458 ms
21-May-20 23:17:22 - Total time taken is: 3.8322999999991225 ms
21-May-20 23:17:24 - Verifier time taken is: 0.5731999999625259 ms
21-May-20 23:17:24 - Prover time taken is: 1.7406999999707296 ms
21-May-20 23:17:24 - Total time taken is: 2.3138999999332555 ms
21-May-20 23:17:26 - Verifier time taken is: 0.4243000000201391 ms
21-May-20 23:17:26 - Prover time taken is: 1.6794000000004417 ms
21-May-20 23:17:26 - Total time taken is: 2.1037000000205808 ms
21-May-20 23:17:28 - Verifier time taken is: 0.846400000000358 ms
21-May-20 23:17:28 - Prover time taken is: 1.9158999999717707 ms
21-May-20 23:17:28 - Total time taken is: 2.7622999999721287 ms
21-May-20 23:17:30 - Verifier time taken is: 0.5365999999753512 ms
21-May-20 23:17:30 - Prover time taken is: 1.7512999999667045 ms
21-May-20 23:17:30 - Total time taken is: 2.2878999999420557 ms
21-May-20 23:17:32 - Verifier time taken is: 0.571100000001934 ms
21-May-20 23:17:32 - Prover time taken is: 1.7957000000023982 ms
21-May-20 23:17:32 - Total time taken is: 2.366800000004332 ms
21-May-20 23:17:34 - Verifier time taken is: 0.895000000014079 ms
21-May-20 23:17:34 - Prover time taken is: 4.2567000000417465 ms
21-May-20 23:17:34 - Total time taken is: 5.1517000000558255 ms
21-May-20 23:17:36 - Verifier time taken is: 0.7704999999873507 ms
21-May-20 23:17:36 - Prover time taken is: 1.8976000000066051 ms
21-May-20 23:17:36 - Total time taken is: 2.668099999993956 ms
21-May-20 23:17:38 - Verifier time taken is: 0.6969000000367487 ms
21-May-20 23:17:38 - Prover time taken is: 2.5533999999538537 ms
21-May-20 23:17:38 - Total time taken is: 3.2502999999906024 ms
21-May-20 23:17:40 - Verifier time taken is: 0.6883000000357242 ms
21-May-20 23:17:40 - Prover time taken is: 3.305099999977301 ms
21-May-20 23:17:40 - Total time taken is: 3.9934000000130254 ms
21-May-20 23:17:42 - Verifier time taken is: 0.7755999999972119 ms
21-May-20 23:17:42 - Prover time taken is: 1.7622999999957756 ms
21-May-20 23:17:42 - Total time taken is: 2.5378999999929874 ms
21-May-20 23:17:44 - Verifier time taken is: 1.0465999999951237 ms
21-May-20 23:17:44 - Prover time taken is: 1.6196000000263666 ms
21-May-20 23:17:44 - Total time taken is: 2.6662000000214903 ms
21-May-20 23:17:46 - Verifier time taken is: 0.7711999999742147 ms
21-May-20 23:17:46 - Prover time taken is: 1.6493999999624975 ms
21-May-20 23:17:46 - Total time taken is: 2.4205999999367123 ms
21-May-20 23:17:48 - Verifier time taken is: 0.5759000000011838 ms
21-May-20 23:17:48 - Prover time taken is: 1.5715999999770247 ms
21-May-20 23:17:48 - Total time taken is: 2.1474999999782085 ms
21-May-20 23:17:50 - Decryption problem
